i:\falmouth\falmouth\comp130\randd\sdl\design patterns\01.pong\debug\vc141.pdb
i:\falmouth\falmouth\comp130\randd\sdl\design patterns\01.pong\debug\vc141.idb
i:\falmouth\falmouth\comp130\randd\sdl\design patterns\01.pong\debug\01.pong.obj
i:\falmouth\falmouth\comp130\randd\sdl\design patterns\01.pong\debug\ball.obj
i:\falmouth\falmouth\comp130\randd\sdl\design patterns\01.pong\debug\bitmap.obj
i:\falmouth\falmouth\comp130\randd\sdl\design patterns\01.pong\debug\debugprinter.obj
i:\falmouth\falmouth\comp130\randd\sdl\design patterns\01.pong\debug\object.obj
i:\falmouth\falmouth\comp130\randd\sdl\design patterns\01.pong\debug\player.obj
i:\falmouth\falmouth\comp130\randd\sdl\design patterns\01.pong\debug\pong.obj
i:\falmouth\falmouth\comp130\randd\sdl\design patterns\01.pong\debug\timer.obj
i:\falmouth\falmouth\comp130\lecture 02\01.pong\debug\vc141.pdb
i:\falmouth\falmouth\comp130\lecture 02\01.pong\debug\vc141.idb
i:\falmouth\falmouth\comp130\lecture 02\01.pong\debug\01.pong.obj
i:\falmouth\falmouth\comp130\lecture 02\01.pong\debug\ball.obj
i:\falmouth\falmouth\comp130\lecture 02\01.pong\debug\bitmap.obj
i:\falmouth\falmouth\comp130\lecture 02\01.pong\debug\debugprinter.obj
i:\falmouth\falmouth\comp130\lecture 02\01.pong\debug\object.obj
i:\falmouth\falmouth\comp130\lecture 02\01.pong\debug\player.obj
i:\falmouth\falmouth\comp130\lecture 02\01.pong\debug\pong.obj
i:\falmouth\falmouth\comp130\lecture 02\01.pong\debug\timer.obj
i:\falmouth\falmouth\comp130\lecture 04\01.pong\debug\vc141.pdb
i:\falmouth\falmouth\comp130\lecture 04\01.pong\debug\vc141.idb
i:\falmouth\falmouth\comp130\lecture 04\01.pong\debug\01.pong.obj
i:\falmouth\falmouth\comp130\lecture 04\01.pong\debug\ball.obj
i:\falmouth\falmouth\comp130\lecture 04\01.pong\debug\bitmap.obj
i:\falmouth\falmouth\comp130\lecture 04\01.pong\debug\debugprinter.obj
i:\falmouth\falmouth\comp130\lecture 04\01.pong\debug\object.obj
i:\falmouth\falmouth\comp130\lecture 04\01.pong\debug\player.obj
i:\falmouth\falmouth\comp130\lecture 04\01.pong\debug\pong.obj
i:\falmouth\falmouth\comp130\lecture 04\01.pong\debug\timer.obj
i:\falmouth\falmouth\comp130\randd\sdl\design patterns\debug\01.pong.exe
i:\falmouth\falmouth\comp130\randd\sdl\design patterns\debug\01.pong.ilk
i:\falmouth\falmouth\comp130\randd\sdl\design patterns\debug\01.pong.pdb
i:\falmouth\falmouth\comp130\lecture 02\debug\01.pong.ilk
i:\falmouth\falmouth\comp130\lecture 02\debug\01.pong.exe
i:\falmouth\falmouth\comp130\lecture 02\debug\01.pong.pdb
i:\falmouth\falmouth\comp130\lecture 04\debug\01.pong.exe
i:\falmouth\falmouth\comp130\lecture 04\debug\01.pong.ilk
i:\falmouth\falmouth\comp130\lecture 04\debug\01.pong.pdb
i:\falmouth\falmouth\comp130\lecture 04\01.pong\debug\01.pong.tlog\cl.command.1.tlog
i:\falmouth\falmouth\comp130\lecture 04\01.pong\debug\01.pong.tlog\cl.read.1.tlog
i:\falmouth\falmouth\comp130\lecture 04\01.pong\debug\01.pong.tlog\cl.write.1.tlog
i:\falmouth\falmouth\comp130\lecture 04\01.pong\debug\01.pong.tlog\link.command.1.tlog
i:\falmouth\falmouth\comp130\lecture 04\01.pong\debug\01.pong.tlog\link.read.1.tlog
i:\falmouth\falmouth\comp130\lecture 04\01.pong\debug\01.pong.tlog\link.write.1.tlog
